/*
    注意：このファイルは自動生成されたものです
*/

/* cp_1 と cp_2 を 比較した後、equal 条件でジャンプするコード */
void cond_equal(char *cp_1,char *cp_2,char *cp_label,int i_num) ;

/* cp_1 と cp_2 を 比較した後、not equal 条件でジャンプするコード */
void cond_not_e(char *cp_1,char *cp_2,char *cp_label,int i_num) ;

/* cp_1 と cp_2 を 比較した後、below 条件でジャンプするコード */
void cond_below(char *cp_1,char *cp_2,char *cp_label,int i_num) ;

/* cp_1 と cp_2 を 比較した後、below or equal 条件でジャンプするコード */
void cond_b_or_e(char *cp_1,char *cp_2,char *cp_label,int i_num) ;

/* cp_1 と cp_2 を 比較した後、above 条件でジャンプするコード */
void cond_above(char *cp_1,char *cp_2,char *cp_label,int i_num) ;

/* cp_1 と cp_2 を 比較した後、above or equal 条件でジャンプするコード */
void cond_a_or_e(char *cp_1,char *cp_2,char *cp_label,int i_num) ;

/* cp_1 と cp_2 を test した後、zero 条件でジャンプするコード */
void cond_test(char *cp_1,char *cp_2,char *cp_label,int i_num) ;

/* cp_1 と cp_2 を test した後、not zero 条件でジャンプするコード */
void cond_not_t(char *cp_1,char *cp_2,char *cp_label,int i_num) ;

/* cp_1 と cp_2 を and した後、zero 条件でジャンプするコード */
void cond_and(char *cp_1,char *cp_2,char *cp_label,int i_num) ;

/* cp_1 と cp_2 を and した後、not zero 条件でジャンプするコード */
void cond_not_a(char *cp_1,char *cp_2,char *cp_label,int i_num) ;

/* フラグによるジャンプ */
void cond_flags(char *cp_1,int i_tf,char *cp_label,int i_num) ;

